<?xml version="1.0" encoding="UTF-8"?>
<!-- Generated by org.testng.reporters.JUnitReportReporter -->
<testsuite hostname="abc-PC" name="TestCase.TestPractise1" tests="2" failures="0" timestamp="2 Sep 2020 06:11:45 GMT" time="0.003" errors="0">
  <testcase name="m1" time="0.001" classname="TestCase.TestPractise1"/>
  <testcase name="m9" time="0.002" classname="TestCase.TestPractise1"/>
</testsuite> <!-- TestCase.TestPractise1 -->
