<?xml version="1.0" encoding="UTF-8"?>
<!-- Generated by org.testng.reporters.JUnitReportReporter -->
<testsuite skipped="3" hostname="DESKTOP-4UTM8EP" name="TestCase.RegresionTesting" tests="3" failures="0" timestamp="05 Aug 2020 11:23:00 GMT" time="0.000" errors="0">
  <testcase name="m1" time="0.000" classname="TestCase.RegresionTesting">
    <skipped/>
  </testcase> <!-- m1 -->
  <testcase name="m3" time="0.000" classname="TestCase.RegresionTesting">
    <skipped/>
  </testcase> <!-- m3 -->
  <testcase name="m2" time="0.000" classname="TestCase.RegresionTesting">
    <skipped/>
  </testcase> <!-- m2 -->
</testsuite> <!-- TestCase.RegresionTesting -->
