<?xml version="1.0" encoding="UTF-8"?>
<!-- Generated by org.testng.reporters.JUnitReportReporter -->
<testsuite hostname="abc-PC" name="TestCase.TestPractise" tests="2" failures="0" timestamp="2 Sep 2020 06:44:23 GMT" time="0.017" errors="0">
  <testcase name="m11" time="0.014" classname="TestCase.TestPractise"/>
  <testcase name="m123" time="0.003" classname="TestCase.TestPractise"/>
</testsuite> <!-- TestCase.TestPractise -->
