<?xml version="1.0" encoding="UTF-8"?>
<!-- Generated by org.testng.reporters.JUnitReportReporter -->
<testsuite hostname="abc-PC" name="annotationsDemo" tests="2" failures="0" timestamp="2 Sep 2020 06:03:22 GMT" time="0.029" errors="0">
  <testcase name="m1" time="0.024" classname="annotationsDemo"/>
  <testcase name="m2" time="0.005" classname="annotationsDemo"/>
</testsuite> <!-- annotationsDemo -->
