<?xml version="1.0" encoding="UTF-8"?>
<!-- Generated by org.testng.reporters.JUnitReportReporter -->
<testsuite hostname="abc-PC" name="TestCase.STest" tests="4" failures="0" timestamp="2 Sep 2020 06:11:45 GMT" time="0.005" errors="0">
  <testcase name="credentials" time="0.001" classname="TestCase.STest"/>
  <testcase name="credentials" time="0.001" classname="TestCase.STest"/>
  <testcase name="credentials" time="0.001" classname="TestCase.STest"/>
  <testcase name="credentials" time="0.002" classname="TestCase.STest"/>
</testsuite> <!-- TestCase.STest -->
