<?xml version="1.0" encoding="UTF-8"?>
<!-- Generated by org.testng.reporters.JUnitReportReporter -->
<testsuite skipped="0" hostname="abc-PC" name="com.jira.FunctionalTest" tests="1" failures="0" timestamp="10 Sep 2020 08:11:43 GMT" time="26.573" errors="0">
  <testcase name="uploadFile" time="26.573" classname="com.jira.FunctionalTest"/>
</testsuite> <!-- com.jira.FunctionalTest -->
