<?xml version="1.0" encoding="UTF-8"?>
<!-- Generated by org.testng.reporters.JUnitReportReporter -->
<testsuite skipped="0" hostname="abc-PC" name="airtel_TestCases.Setup" tests="1" failures="0" timestamp="02 Sep 2020 06:35:05 GMT" time="36.359" errors="0">
  <testcase name="m1" time="36.359" classname="airtel_TestCases.Setup"/>
</testsuite> <!-- airtel_TestCases.Setup -->
