<?xml version="1.0" encoding="UTF-8"?>
<!-- Generated by org.testng.reporters.JUnitReportReporter -->
<testsuite skipped="0" hostname="abc-PC" name="airtel_TestCases.Airtel" tests="1" failures="0" timestamp="02 Sep 2020 06:41:08 GMT" time="42.396" errors="0">
  <testcase name="homePage" time="42.396" classname="airtel_TestCases.Airtel"/>
</testsuite> <!-- airtel_TestCases.Airtel -->
