<?xml version="1.0" encoding="UTF-8"?>
<!-- Generated by org.testng.reporters.JUnitReportReporter -->
<testsuite skipped="0" hostname="abc-PC" name="com.ijmeet.functional_test.JoinMeetingPageTest" tests="1" failures="0" timestamp="11 Sep 2020 11:31:51 GMT" time="0.169" errors="0">
  <testcase name="verifyTextQuickJoinAMeetingTest" time="0.169" classname="com.ijmeet.functional_test.JoinMeetingPageTest"/>
</testsuite> <!-- com.ijmeet.functional_test.JoinMeetingPageTest -->
